d:\workshop\github\mdc_project\mdc_project\south_networkbase\debug\qttcpclienthandler.obj
d:\workshop\github\mdc_project\mdc_project\south_networkbase\debug\qttcpserverhandler.obj
d:\workshop\github\mdc_project\mdc_project\south_networkbase\debug\qtudphandler.obj
d:\workshop\github\mdc_project\mdc_project\south_networkbase\debug\qttcpbasehandler.obj
d:\workshop\github\mdc_project\mdc_project\south_networkbase\debug\vc142.pdb
d:\workshop\github\mdc_project\mdc_project\south_networkbase\debug\moc_qttcpclienthandler.obj
d:\workshop\github\mdc_project\mdc_project\south_networkbase\debug\moc_qtudphandler.obj
d:\workshop\github\mdc_project\mdc_project\south_networkbase\debug\moc_qttcpserverhandler.obj
d:\workshop\github\mdc_project\mdc_project\debug\south_networkbase.dll
d:\workshop\github\mdc_project\mdc_project\debug\south_networkbase.ilk
d:\workshop\github\mdc_project\mdc_project\debug\south_networkbase.pdb
d:\workshop\github\mdc_project\mdc_project\south_networkbase\debug\moc\moc_qtudphandler.cpp
d:\workshop\github\mdc_project\mdc_project\south_networkbase\debug\moc\moc_qttcpserverhandler.cpp
d:\workshop\github\mdc_project\mdc_project\south_networkbase\debug\moc\moc_qttcpclienthandler.cpp
d:\workshop\github\mdc_project\mdc_project\debug\south_networkbase.lib
d:\workshop\github\mdc_project\mdc_project\debug\south_networkbase.exp
d:\workshop\github\mdc_project\mdc_project\south_networkbase\debug\south_ne.33612772.tlog\cl.10860.write.1.tlog
d:\workshop\github\mdc_project\mdc_project\south_networkbase\debug\south_ne.33612772.tlog\cl.command.1.tlog
d:\workshop\github\mdc_project\mdc_project\south_networkbase\debug\south_ne.33612772.tlog\cl.read.1.tlog
d:\workshop\github\mdc_project\mdc_project\south_networkbase\debug\south_ne.33612772.tlog\link.command.1.tlog
d:\workshop\github\mdc_project\mdc_project\south_networkbase\debug\south_ne.33612772.tlog\link.read.1.tlog
d:\workshop\github\mdc_project\mdc_project\south_networkbase\debug\south_ne.33612772.tlog\link.write.1.tlog
d:\workshop\github\mdc_project\mdc_project\south_networkbase\debug\south_ne.33612772.tlog\moc.read.1u.tlog
d:\workshop\github\mdc_project\mdc_project\south_networkbase\debug\south_ne.33612772.tlog\moc.write.1u.tlog
d:\workshop\github\mdc_project\mdc_project\south_networkbase\debug\south_ne.33612772.tlog\south_networkbase.write.1u.tlog
