d:\workshop\github\mdc_project\mdc_project\mdc_client\debug\vc142.pdb
d:\workshop\github\mdc_project\mdc_project\mdc_client\debug\mdc_client.obj
d:\workshop\github\mdc_project\mdc_project\mdc_client\debug\moc_qtudphandler.obj
d:\workshop\github\mdc_project\mdc_project\mdc_client\debug\moc_qttcpserverhandler.obj
d:\workshop\github\mdc_project\mdc_project\mdc_client\debug\moc_qttcpclienthandler.obj
d:\workshop\github\mdc_project\mdc_project\debug\mdc_netclient.ilk
d:\workshop\github\mdc_project\mdc_project\debug\mdc_netclient.dll
d:\workshop\github\mdc_project\mdc_project\debug\mdc_netclient.pdb
d:\workshop\github\mdc_project\mdc_project\mdc_client\debug\moc\moc_qttcpclienthandler.cpp
d:\workshop\github\mdc_project\mdc_project\mdc_client\debug\moc\moc_qttcpserverhandler.cpp
d:\workshop\github\mdc_project\mdc_project\mdc_client\debug\moc\moc_qtudphandler.cpp
d:\workshop\github\mdc_project\mdc_project\debug\mdc_netclient.lib
d:\workshop\github\mdc_project\mdc_project\debug\mdc_netclient.exp
d:\workshop\github\mdc_project\mdc_project\mdc_client\debug\mdc_netclient.tlog\cl.command.1.tlog
d:\workshop\github\mdc_project\mdc_project\mdc_client\debug\mdc_netclient.tlog\cl.read.1.tlog
d:\workshop\github\mdc_project\mdc_project\mdc_client\debug\mdc_netclient.tlog\cl.write.1.tlog
d:\workshop\github\mdc_project\mdc_project\mdc_client\debug\mdc_netclient.tlog\link.command.1.tlog
d:\workshop\github\mdc_project\mdc_project\mdc_client\debug\mdc_netclient.tlog\link.read.1.tlog
d:\workshop\github\mdc_project\mdc_project\mdc_client\debug\mdc_netclient.tlog\link.write.1.tlog
d:\workshop\github\mdc_project\mdc_project\mdc_client\debug\mdc_netclient.tlog\mdc_netclient.write.1u.tlog
d:\workshop\github\mdc_project\mdc_project\mdc_client\debug\mdc_netclient.tlog\moc.read.1u.tlog
d:\workshop\github\mdc_project\mdc_project\mdc_client\debug\mdc_netclient.tlog\moc.write.1u.tlog
