d:\workshop\github\mdc_project\mdc_project\mdc_netserver\debug\vc142.pdb
d:\workshop\github\mdc_project\mdc_project\mdc_netserver\debug\tcpserver.obj
d:\workshop\github\mdc_project\mdc_project\mdc_netserver\debug\mdc_netserver.obj
d:\workshop\github\mdc_project\mdc_project\mdc_netserver\debug\moc_qttcpserverhandler.obj
d:\workshop\github\mdc_project\mdc_project\mdc_netserver\debug\moc_qttcpclienthandler.obj
d:\workshop\github\mdc_project\mdc_project\mdc_netserver\debug\moc_tcpserver.obj
d:\workshop\github\mdc_project\mdc_project\mdc_netserver\debug\moc_qtudphandler.obj
d:\workshop\github\mdc_project\mdc_project\mdc_netserver\debug\moc\moc_tcpserver.cpp
d:\workshop\github\mdc_project\mdc_project\mdc_netserver\debug\moc\moc_qttcpclienthandler.cpp
d:\workshop\github\mdc_project\mdc_project\mdc_netserver\debug\moc\moc_qttcpserverhandler.cpp
d:\workshop\github\mdc_project\mdc_project\mdc_netserver\debug\moc\moc_qtudphandler.cpp
d:\workshop\github\mdc_project\mdc_project\debug\mdc_netserver.pdb
d:\workshop\github\mdc_project\mdc_project\mdc_netserver\debug\mdc_netserver.tlog\cl.command.1.tlog
d:\workshop\github\mdc_project\mdc_project\mdc_netserver\debug\mdc_netserver.tlog\cl.read.1.tlog
d:\workshop\github\mdc_project\mdc_project\mdc_netserver\debug\mdc_netserver.tlog\cl.write.1.tlog
d:\workshop\github\mdc_project\mdc_project\mdc_netserver\debug\mdc_netserver.tlog\link-cvtres.read.1.tlog
d:\workshop\github\mdc_project\mdc_project\mdc_netserver\debug\mdc_netserver.tlog\link-cvtres.write.1.tlog
d:\workshop\github\mdc_project\mdc_project\mdc_netserver\debug\mdc_netserver.tlog\link-rc.read.1.tlog
d:\workshop\github\mdc_project\mdc_project\mdc_netserver\debug\mdc_netserver.tlog\link-rc.write.1.tlog
d:\workshop\github\mdc_project\mdc_project\mdc_netserver\debug\mdc_netserver.tlog\link.command.1.tlog
d:\workshop\github\mdc_project\mdc_project\mdc_netserver\debug\mdc_netserver.tlog\link.read.1.tlog
d:\workshop\github\mdc_project\mdc_project\mdc_netserver\debug\mdc_netserver.tlog\link.write.1.tlog
d:\workshop\github\mdc_project\mdc_project\mdc_netserver\debug\mdc_netserver.tlog\mdc_netserver.write.1u.tlog
d:\workshop\github\mdc_project\mdc_project\mdc_netserver\debug\mdc_netserver.tlog\moc.read.1u.tlog
d:\workshop\github\mdc_project\mdc_project\mdc_netserver\debug\mdc_netserver.tlog\moc.write.1u.tlog
